<?xml version="1.0" encoding="UTF-8"?>
<testng-results ignored="0" total="2" passed="2" failed="0" skipped="0">
  <reporter-output>
  </reporter-output>
  <suite started-at="2022-07-04T12:36:02 IST" name="Default suite" finished-at="2022-07-04T12:36:09 IST" duration-ms="6132">
    <groups>
    </groups>
    <test started-at="2022-07-04T12:36:02 IST" name="Default test" finished-at="2022-07-04T12:36:09 IST" duration-ms="6132">
      <class name="com.cjc.SecurityTesting">
        <test-method signature="basicTest()[pri:0, instance:com.cjc.SecurityTesting@29647f75]" started-at="2022-07-04T12:36:02 IST" name="basicTest" finished-at="2022-07-04T12:36:07 IST" duration-ms="4637" status="PASS">
          <reporter-output>
          </reporter-output>
        </test-method> <!-- basicTest -->
        <test-method signature="digestTest()[pri:0, instance:com.cjc.SecurityTesting@29647f75]" started-at="2022-07-04T12:36:07 IST" name="digestTest" finished-at="2022-07-04T12:36:09 IST" duration-ms="1397" status="PASS">
          <reporter-output>
          </reporter-output>
        </test-method> <!-- digestTest -->
      </class> <!-- com.cjc.SecurityTesting -->
    </test> <!-- Default test -->
  </suite> <!-- Default suite -->
</testng-results>
