<?xml version="1.0" encoding="UTF-8"?>
<!-- Generated by org.testng.reporters.JUnitXMLReporter -->
<testsuite ignored="0" hostname="DESKTOP-32NKH3D" failures="0" tests="2" name="Default test(failed)(failed)" time="13.715" errors="0" timestamp="2022-07-22T21:27:47 IST">
  <testcase classname="com.cjc.MercuryTours_login_DataProvider" name="loginwithValidDetails" time="3.227"/>
  <testcase classname="com.cjc.MercuryTours_login_DataProvider" name="loginwithValidDetails" time="3.569"/>
</testsuite> <!-- Default test(failed)(failed) -->
