<?xml version="1.0" encoding="UTF-8"?>
<testng-results ignored="2" total="5" passed="3" failed="0" skipped="0">
  <reporter-output>
  </reporter-output>
  <suite started-at="2022-06-06T21:01:38 IST" name="Suite" finished-at="2022-06-06T21:01:38 IST" duration-ms="110">
    <groups>
      <group name="IT Department">
        <method signature="Grouping.dotnet()[pri:0, instance:com.javatpoint.Grouping@5f683daf]" name="dotnet" class="com.javatpoint.Grouping"/>
        <method signature="Grouping.java()[pri:0, instance:com.javatpoint.Grouping@5f683daf]" name="java" class="com.javatpoint.Grouping"/>
        <method signature="Grouping.tester()[pri:0, instance:com.javatpoint.Grouping@5f683daf]" name="tester" class="com.javatpoint.Grouping"/>
      </group> <!-- IT Department -->
    </groups>
    <test started-at="2022-06-06T21:01:38 IST" name="Test" finished-at="2022-06-06T21:01:38 IST" duration-ms="110">
      <class name="com.javatpoint.Grouping">
        <test-method signature="dotnet()[pri:0, instance:com.javatpoint.Grouping@5f683daf]" started-at="2022-06-06T21:01:38 IST" name="dotnet" finished-at="2022-06-06T21:01:38 IST" duration-ms="13" status="PASS">
          <reporter-output>
          </reporter-output>
        </test-method> <!-- dotnet -->
        <test-method signature="java()[pri:0, instance:com.javatpoint.Grouping@5f683daf]" started-at="2022-06-06T21:01:38 IST" name="java" finished-at="2022-06-06T21:01:38 IST" duration-ms="3" status="PASS">
          <reporter-output>
          </reporter-output>
        </test-method> <!-- java -->
        <test-method signature="tester()[pri:0, instance:com.javatpoint.Grouping@5f683daf]" started-at="2022-06-06T21:01:38 IST" name="tester" finished-at="2022-06-06T21:01:38 IST" duration-ms="5" status="PASS">
          <reporter-output>
          </reporter-output>
        </test-method> <!-- tester -->
      </class> <!-- com.javatpoint.Grouping -->
    </test> <!-- Test -->
  </suite> <!-- Suite -->
</testng-results>
