<?xml version="1.0" encoding="UTF-8"?>
<!-- Generated by org.testng.reporters.JUnitXMLReporter -->
<testsuite ignored="0" hostname="DESKTOP-32NKH3D" failures="0" tests="3" name="Default test" time="32.305" errors="0" timestamp="2022-07-06T20:28:52 IST">
  <testcase classname="com.cjc.fk.webapp.test.FlipkartTest" name="loginTest" time="4.355"/>
  <testcase classname="com.cjc.fk.webapp.test.FlipkartTest" name="searchProd" time="10.078"/>
  <testcase classname="com.cjc.fk.webapp.test.FlipkartTest" name="searchProd" time="8.848"/>
</testsuite> <!-- Default test -->
