<?xml version="1.0" encoding="UTF-8"?>
<!-- Generated by org.testng.reporters.JUnitXMLReporter -->
<testsuite ignored="0" hostname="DESKTOP-32NKH3D" failures="0" tests="5" name="Default test" time="0.127" errors="0" timestamp="2022-06-06T20:56:23 IST">
  <testcase classname="Grouping" name="Manufacture" time="0.016"/>
  <testcase classname="Grouping" name="dotnet" time="0.002"/>
  <testcase classname="Grouping" name="hr" time="0.003"/>
  <testcase classname="Grouping" name="java" time="0.003"/>
  <testcase classname="Grouping" name="tester" time="0.012"/>
</testsuite> <!-- Default test -->
