<?xml version="1.0" encoding="UTF-8"?>
<!-- Generated by org.testng.reporters.JUnitXMLReporter -->
<testsuite ignored="0" hostname="DESKTOP-32NKH3D" failures="0" tests="4" name="Test" time="47.959" errors="0" timestamp="2022-05-27T16:45:40 IST">
  <testcase classname="com.cjc.XML.MercuryTours_login" name="loginwithValidDetails" time="7.75"/>
  <testcase classname="com.cjc.XML.MercuryTours_login" name="loginwithValidDetails1" time="2.001"/>
  <testcase classname="com.cjc.XML.MercuryTours_login_DataProvider" name="Test1" time="8.366"/>
  <testcase classname="com.cjc.XML.MercuryTours_login_DataProvider" name="Test2" time="4.922"/>
</testsuite> <!-- Test -->
