<?xml version="1.0" encoding="UTF-8"?>
<testng-results ignored="0" total="1" passed="1" failed="0" skipped="0">
  <reporter-output>
  </reporter-output>
  <suite started-at="2022-06-29T21:41:48 IST" name="Default suite" finished-at="2022-06-29T21:41:52 IST" duration-ms="4293">
    <groups>
    </groups>
    <test started-at="2022-06-29T21:41:48 IST" name="Default test" finished-at="2022-06-29T21:41:52 IST" duration-ms="4293">
      <class name="com.org.DemoWebShop_Register">
        <test-method is-config="true" signature="openBrowser()[pri:0, instance:com.org.DemoWebShop_Register@1ca3b418]" started-at="2022-06-29T21:41:44 IST" name="openBrowser" finished-at="2022-06-29T21:41:48 IST" duration-ms="3715" status="PASS">
          <reporter-output>
          </reporter-output>
        </test-method> <!-- openBrowser -->
        <test-method is-config="true" signature="enterUrl()[pri:0, instance:com.org.DemoWebShop_Register@1ca3b418]" started-at="2022-06-29T21:41:48 IST" name="enterUrl" finished-at="2022-06-29T21:41:49 IST" duration-ms="1702" status="PASS">
          <reporter-output>
          </reporter-output>
        </test-method> <!-- enterUrl -->
        <test-method is-config="true" signature="maximizeBrowser()[pri:0, instance:com.org.DemoWebShop_Register@1ca3b418]" started-at="2022-06-29T21:41:49 IST" name="maximizeBrowser" finished-at="2022-06-29T21:41:50 IST" duration-ms="209" status="PASS">
          <reporter-output>
          </reporter-output>
        </test-method> <!-- maximizeBrowser -->
        <test-method is-config="true" signature="getAllCookies()[pri:0, instance:com.org.DemoWebShop_Register@1ca3b418]" started-at="2022-06-29T21:41:50 IST" name="getAllCookies" finished-at="2022-06-29T21:41:50 IST" duration-ms="54" status="PASS">
          <reporter-output>
          </reporter-output>
        </test-method> <!-- getAllCookies -->
        <test-method signature="f()[pri:0, instance:com.org.DemoWebShop_Register@1ca3b418]" started-at="2022-06-29T21:41:50 IST" name="f" finished-at="2022-06-29T21:41:52 IST" duration-ms="1907" status="PASS">
          <reporter-output>
          </reporter-output>
        </test-method> <!-- f -->
        <test-method is-config="true" signature="captureScreen()[pri:0, instance:com.org.DemoWebShop_Register@1ca3b418]" started-at="2022-06-29T21:41:52 IST" name="captureScreen" finished-at="2022-06-29T21:41:52 IST" duration-ms="325" status="PASS">
          <reporter-output>
          </reporter-output>
        </test-method> <!-- captureScreen -->
        <test-method is-config="true" signature="deleteCookies()[pri:0, instance:com.org.DemoWebShop_Register@1ca3b418]" started-at="2022-06-29T21:41:52 IST" name="deleteCookies" finished-at="2022-06-29T21:41:52 IST" duration-ms="1" status="PASS">
          <reporter-output>
          </reporter-output>
        </test-method> <!-- deleteCookies -->
        <test-method is-config="true" signature="dbClose()[pri:0, instance:com.org.DemoWebShop_Register@1ca3b418]" started-at="2022-06-29T21:41:52 IST" name="dbClose" finished-at="2022-06-29T21:41:52 IST" duration-ms="1" status="PASS">
          <reporter-output>
          </reporter-output>
        </test-method> <!-- dbClose -->
        <test-method is-config="true" signature="afterSuite()[pri:0, instance:com.org.DemoWebShop_Register@1ca3b418]" started-at="2022-06-29T21:41:52 IST" name="afterSuite" finished-at="2022-06-29T21:41:52 IST" duration-ms="419" status="PASS">
          <reporter-output>
          </reporter-output>
        </test-method> <!-- afterSuite -->
      </class> <!-- com.org.DemoWebShop_Register -->
    </test> <!-- Default test -->
  </suite> <!-- Default suite -->
</testng-results>
