<?xml version="1.0" encoding="UTF-8"?>
<testng-results ignored="0" total="2" passed="2" failed="0" skipped="0">
  <reporter-output>
  </reporter-output>
  <suite started-at="2022-07-06T14:38:10 IST" name="Suite" finished-at="2022-07-06T14:38:21 IST" duration-ms="10447">
    <groups>
    </groups>
    <test started-at="2022-07-06T14:38:10 IST" name="Test" finished-at="2022-07-06T14:38:21 IST" duration-ms="10447">
      <class name="com.cjc.DempParallel">
        <test-method signature="m1()[pri:0, instance:com.cjc.DempParallel@671a5887]" started-at="2022-07-06T14:38:10 IST" name="m1" finished-at="2022-07-06T14:38:18 IST" duration-ms="8185" status="PASS">
          <reporter-output>
          </reporter-output>
        </test-method> <!-- m1 -->
        <test-method signature="m2()[pri:0, instance:com.cjc.DempParallel@671a5887]" started-at="2022-07-06T14:38:10 IST" name="m2" finished-at="2022-07-06T14:38:21 IST" duration-ms="10375" status="PASS">
          <reporter-output>
          </reporter-output>
        </test-method> <!-- m2 -->
      </class> <!-- com.cjc.DempParallel -->
    </test> <!-- Test -->
  </suite> <!-- Suite -->
</testng-results>
